#
# A fatal error has been detected by the Java Runtime Environment:
#
#  EXCEPTION_ACCESS_VIOLATION (0xc0000005) at pc=0x000000006d3ba620, pid=22704, tid=0x0000000000000acc
#
# JRE version: Java(TM) SE Runtime Environment (8.0_251-b08) (build 1.8.0_251-b08)
# Java VM: Java HotSpot(TM) 64-Bit Server VM (25.251-b08 mixed mode windows-amd64 compressed oops)
# Problematic frame:
# V  [jvm.dll+0x4aa620]
#
# Failed to write core dump. Minidumps are not enabled by default on client versions of Windows
#
# If you would like to submit a bug report, please visit:
#   http://bugreport.java.com/bugreport/crash.jsp
#

---------------  T H R E A D  ---------------

Current thread (0x0000000013ffd800):  JavaThread "C2 CompilerThread1" daemon [_thread_in_native, id=2764, stack(0x00000000167e0000,0x00000000168e0000)]

siginfo: ExceptionCode=0xc0000005, reading address 0x0000000000000048

Registers:
RAX=0x000000006d73b6d0, RBX=0x000000001c469ee0, RCX=0x000000001f0643f0, RDX=0x0000000000000008
RSP=0x00000000168dbcc0, RBP=0x0000000000000005, RSI=0x0000000000000028, RDI=0x0000000000000028
R8 =0x00000000000003fa, R9 =0x00000000000003f4, R10=0x000000006cf10000, R11=0x0000000000000000
R12=0x0000000000000000, R13=0x000000000000753f, R14=0x000000006cf10000, R15=0x0000000000000000
RIP=0x000000006d3ba620, EFLAGS=0x0000000000010293

Top of Stack: (sp=0x00000000168dbcc0)
0x00000000168dbcc0:   000000001f0643e0 000000001f064170
0x00000000168dbcd0:   000000000000753f 0000000000000000
0x00000000168dbce0:   0000000000000000 000000006d37f925
0x00000000168dbcf0:   000000001c469ee0 000000001c469ee0
0x00000000168dbd00:   00000000168dc0f0 0000000000041a00
0x00000000168dbd10:   000003ff00000000 0000000000000008
0x00000000168dbd20:   000000001db268a0 0000000000000004
0x00000000168dbd30:   000000001f0643f0 0000000000000007
0x00000000168dbd40:   000000001f0643e0 0000000000000000
0x00000000168dbd50:   0000000015e04598 0000000000000000
0x00000000168dbd60:   00000000000003d8 0000000015e041c0
0x00000000168dbd70:   00000000168dbe80 000000006d38138c
0x00000000168dbd80:   00000000168dc200 0000000015e041b0
0x00000000168dbd90:   00000000168dc0f0 0000000015e041b0
0x00000000168dbda0:   0000000000000006 0000000015e041b0
0x00000000168dbdb0:   000000001c5d94f0 000000001c5def40 

Instructions: (pc=0x000000006d3ba620)
0x000000006d3ba600:   6f 18 48 89 74 24 48 48 8b f5 3b 6f 28 0f 83 c7
0x000000006d3ba610:   00 00 00 48 c1 e6 03 48 8d 05 b2 10 38 00 66 90
0x000000006d3ba620:   48 8b 4f 20 48 39 04 0e 0f 84 9d 00 00 00 48 8b
0x000000006d3ba630:   0c 0e 33 d2 33 c0 48 89 4f 10 66 0f 1f 44 00 00 


Register to memory mapping:

RAX=0x000000006d73b6d0 is an unknown value
RBX=0x000000001c469ee0 is an unknown value
RCX=0x000000001f0643f0 is an unknown value
RDX=0x0000000000000008 is an unknown value
RSP=0x00000000168dbcc0 is pointing into the stack for thread: 0x0000000013ffd800
RBP=0x0000000000000005 is an unknown value
RSI=0x0000000000000028 is an unknown value
RDI=0x0000000000000028 is an unknown value
R8 =0x00000000000003fa is an unknown value
R9 =0x00000000000003f4 is an unknown value
R10=0x000000006cf10000 is an unknown value
R11=0x0000000000000000 is an unknown value
R12=0x0000000000000000 is an unknown value
R13=0x000000000000753f is an unknown value
R14=0x000000006cf10000 is an unknown value
R15=0x0000000000000000 is an unknown value


Stack: [0x00000000167e0000,0x00000000168e0000],  sp=0x00000000168dbcc0,  free space=1007k
Native frames: (J=compiled Java code, j=interpreted, Vv=VM code, C=native code)
V  [jvm.dll+0x4aa620]
V  [jvm.dll+0x46f925]
V  [jvm.dll+0x47138c]
V  [jvm.dll+0x47c8eb]
V  [jvm.dll+0x47f1f7]
V  [jvm.dll+0x461992]
V  [jvm.dll+0xa6bf2]
V  [jvm.dll+0xa753f]
V  [jvm.dll+0x24685f]
V  [jvm.dll+0x2a001a]
C  [msvcr100.dll+0x21d9f]
C  [msvcr100.dll+0x21e3b]
C  [KERNEL32.DLL+0x17bd4]
C  [ntdll.dll+0x6ce51]


Current CompileTask:
C2:   3520 2785       4       groovy.lang.MetaMethod::getMopName (105 bytes)


---------------  P R O C E S S  ---------------

Java Threads: ( => current thread )
  0x000000001b134800 JavaThread "Cache worker for Build Output Cleanup Cache (C:\Users\ingaw\Desktop\SuperFarmer\.gradle\buildOutputCleanup)" [_thread_blocked, id=8628, stack(0x000000001fbd0000,0x000000001fcd0000)]
  0x0000000018bb5000 JavaThread "Cache worker for execution history cache (C:\Users\ingaw\.gradle\caches\6.1\executionHistory)" [_thread_blocked, id=20512, stack(0x000000001e470000,0x000000001e570000)]
  0x0000000018bb0800 JavaThread "Cache worker for cache directory md-rule (C:\Users\ingaw\.gradle\caches\6.1\md-rule)" [_thread_blocked, id=19356, stack(0x000000001d240000,0x000000001d340000)]
  0x0000000018bb4000 JavaThread "Cache worker for cache directory md-supplier (C:\Users\ingaw\.gradle\caches\6.1\md-supplier)" [_thread_blocked, id=23396, stack(0x000000001cf40000,0x000000001d040000)]
  0x0000000018baf000 JavaThread "Cache worker for file hash cache (C:\Users\ingaw\Desktop\SuperFarmer\.gradle\6.1\fileHashes)" [_thread_blocked, id=2384, stack(0x000000001e370000,0x000000001e470000)]
  0x0000000018bb1000 JavaThread "Cache worker for checksums cache (C:\Users\ingaw\Desktop\SuperFarmer\.gradle\checksums)" [_thread_blocked, id=14332, stack(0x000000001ac40000,0x000000001ad40000)]
  0x0000000018bb3800 JavaThread "Cache worker for file hash cache (C:\Users\ingaw\.gradle\caches\6.1\fileHashes)" [_thread_blocked, id=12000, stack(0x000000001ab40000,0x000000001ac40000)]
  0x0000000018baf800 JavaThread "File lock request listener" [_thread_in_native, id=21200, stack(0x000000001aa40000,0x000000001ab40000)]
  0x0000000018bb2800 JavaThread "Cache worker for journal cache (C:\Users\ingaw\.gradle\caches\journal-1)" [_thread_blocked, id=11012, stack(0x000000001a940000,0x000000001aa40000)]
  0x0000000018a85000 JavaThread "Thread-9" [_thread_blocked, id=22676, stack(0x000000001a640000,0x000000001a740000)]
  0x0000000018abe000 JavaThread "Stdin handler" [_thread_blocked, id=4644, stack(0x000000001a540000,0x000000001a640000)]
  0x0000000018a9b800 JavaThread "Asynchronous log dispatcher for DefaultDaemonConnection: socket connection from /127.0.0.1:60898 to /127.0.0.1:60899" [_thread_blocked, id=2008, stack(0x000000001a440000,0x000000001a540000)]
  0x0000000018a9a000 JavaThread "Daemon worker" [_thread_in_native, id=2916, stack(0x000000001a340000,0x000000001a440000)]
  0x0000000018a74000 JavaThread "Cancel handler" [_thread_blocked, id=16936, stack(0x000000001a240000,0x000000001a340000)]
  0x0000000018a4c000 JavaThread "Handler for socket connection from /127.0.0.1:60898 to /127.0.0.1:60899" [_thread_in_native, id=17264, stack(0x0000000019f40000,0x000000001a040000)]
  0x0000000018a4b000 JavaThread "Daemon" [_thread_blocked, id=22744, stack(0x0000000019e40000,0x0000000019f40000)]
  0x0000000018a3f000 JavaThread "Daemon periodic checks" [_thread_blocked, id=6544, stack(0x0000000019d40000,0x0000000019e40000)]
  0x00000000189d8000 JavaThread "Incoming local TCP Connector on port 60898" [_thread_in_native, id=23220, stack(0x0000000019ae0000,0x0000000019be0000)]
  0x00000000188fc800 JavaThread "Daemon health stats" [_thread_blocked, id=10920, stack(0x0000000019480000,0x0000000019580000)]
  0x0000000015e78800 JavaThread "Service Thread" daemon [_thread_blocked, id=3212, stack(0x0000000016ae0000,0x0000000016be0000)]
  0x0000000015dfc800 JavaThread "C1 CompilerThread3" daemon [_thread_blocked, id=21824, stack(0x00000000169e0000,0x0000000016ae0000)]
  0x0000000013ffe800 JavaThread "C2 CompilerThread2" daemon [_thread_in_native, id=3844, stack(0x00000000168e0000,0x00000000169e0000)]
=>0x0000000013ffd800 JavaThread "C2 CompilerThread1" daemon [_thread_in_native, id=2764, stack(0x00000000167e0000,0x00000000168e0000)]
  0x0000000013ffa800 JavaThread "C2 CompilerThread0" daemon [_thread_in_native, id=12520, stack(0x00000000166e0000,0x00000000167e0000)]
  0x0000000015df4800 JavaThread "Attach Listener" daemon [_thread_blocked, id=18752, stack(0x00000000165e0000,0x00000000166e0000)]
  0x0000000015df3000 JavaThread "Signal Dispatcher" daemon [_thread_blocked, id=3680, stack(0x00000000164e0000,0x00000000165e0000)]
  0x000000000276c800 JavaThread "Finalizer" daemon [_thread_blocked, id=10012, stack(0x00000000162c0000,0x00000000163c0000)]
  0x0000000015de0800 JavaThread "Reference Handler" daemon [_thread_blocked, id=23300, stack(0x00000000161c0000,0x00000000162c0000)]
  0x000000000256d800 JavaThread "main" [_thread_blocked, id=12616, stack(0x0000000002570000,0x0000000002670000)]

Other Threads:
  0x0000000013fea000 VMThread [stack: 0x0000000015cc0000,0x0000000015dc0000] [id=22788]
  0x0000000015ea3000 WatcherThread [stack: 0x0000000016be0000,0x0000000016ce0000] [id=12460]

VM state:not at safepoint (normal execution)

VM Mutex/Monitor currently owned by a thread:  ([mutex/lock_event])
[0x00000000026700d0] MethodData_lock - owner thread: 0x0000000000000000

heap address: 0x00000000e0000000, size: 512 MB, Compressed Oops mode: 32-bit
Narrow klass base: 0x0000000000000000, Narrow klass shift: 3
Compressed class space size: 1073741824 Address: 0x0000000100000000

Heap:
 PSYoungGen      total 126976K, used 49405K [0x00000000f5580000, 0x00000000fdf80000, 0x0000000100000000)
  eden space 115712K, 34% used [0x00000000f5580000,0x00000000f7bf7308,0x00000000fc680000)
  from space 11264K, 88% used [0x00000000fd480000,0x00000000fde481b8,0x00000000fdf80000)
  to   space 12800K, 0% used [0x00000000fc680000,0x00000000fc680000,0x00000000fd300000)
 ParOldGen       total 175104K, used 6762K [0x00000000e0000000, 0x00000000eab00000, 0x00000000f5580000)
  object space 175104K, 3% used [0x00000000e0000000,0x00000000e069abe0,0x00000000eab00000)
 Metaspace       used 34346K, capacity 35180K, committed 35328K, reserved 1079296K
  class space    used 4877K, capacity 5105K, committed 5120K, reserved 1048576K

Card table byte_map: [0x0000000011b30000,0x0000000011c40000] byte_map_base: 0x0000000011430000

Marking Bits: (ParMarkBitMap*) 0x000000006d73af90
 Begin Bits: [0x00000000124f0000, 0x0000000012cf0000)
 End Bits:   [0x0000000012cf0000, 0x00000000134f0000)

Polling page: 0x0000000000cf0000

CodeCache: size=245760Kb used=11146Kb max_used=11146Kb free=234613Kb
 bounds [0x0000000002770000, 0x0000000003260000, 0x0000000011770000]
 total_blobs=3501 nmethods=2819 adapters=593
 compilation: enabled

Compilation events (10 events):
Event: 3.497 Thread 0x0000000015dfc800 2819       3       org.gradle.internal.instantiation.generator.AbstractClassGenerator::isPropertyProperty (33 bytes)
Event: 3.497 Thread 0x0000000015dfc800 nmethod 2819 0x000000000324d850 code [0x000000000324d9e0, 0x000000000324de28]
Event: 3.497 Thread 0x0000000015dfc800 2814       3       java.lang.reflect.WeakCache$CacheKey::equals (46 bytes)
Event: 3.497 Thread 0x0000000015dfc800 nmethod 2814 0x000000000324df10 code [0x000000000324e080, 0x000000000324e670]
Event: 3.497 Thread 0x0000000015dfc800 2816       3       java.lang.reflect.WeakCache$CacheKey::valueOf (20 bytes)
Event: 3.498 Thread 0x0000000015dfc800 nmethod 2816 0x000000000324e750 code [0x000000000324e8e0, 0x000000000324ed48]
Event: 3.498 Thread 0x0000000015dfc800 2817       3       java.lang.reflect.Proxy$KeyFactory::apply (13 bytes)
Event: 3.498 Thread 0x0000000015dfc800 nmethod 2817 0x000000000324ef50 code [0x000000000324f0c0, 0x000000000324f4a8]
Event: 3.498 Thread 0x0000000015dfc800 2818       3       java.lang.reflect.Proxy$KeyFactory::apply (66 bytes)
Event: 3.498 Thread 0x0000000015dfc800 nmethod 2818 0x000000000324f590 code [0x000000000324f760, 0x000000000324fd58]

GC Heap History (10 events):
Event: 2.034 GC heap before
{Heap before GC invocations=3 (full 0):
 PSYoungGen      total 76288K, used 75318K [0x00000000f5580000, 0x00000000faa80000, 0x0000000100000000)
  eden space 65536K, 100% used [0x00000000f5580000,0x00000000f9580000,0x00000000f9580000)
  from space 10752K, 90% used [0x00000000fa000000,0x00000000fa98d9a0,0x00000000faa80000)
  to   space 10752K, 0% used [0x00000000f9580000,0x00000000f9580000,0x00000000fa000000)
 ParOldGen       total 175104K, used 24K [0x00000000e0000000, 0x00000000eab00000, 0x00000000f5580000)
  object space 175104K, 0% used [0x00000000e0000000,0x00000000e0006000,0x00000000eab00000)
 Metaspace       used 20510K, capacity 21090K, committed 21296K, reserved 1067008K
  class space    used 2958K, capacity 3123K, committed 3200K, reserved 1048576K
Event: 2.040 GC heap after
Heap after GC invocations=3 (full 0):
 PSYoungGen      total 76288K, used 10733K [0x00000000f5580000, 0x00000000faa80000, 0x0000000100000000)
  eden space 65536K, 0% used [0x00000000f5580000,0x00000000f5580000,0x00000000f9580000)
  from space 10752K, 99% used [0x00000000f9580000,0x00000000f9ffb568,0x00000000fa000000)
  to   space 10752K, 0% used [0x00000000fa000000,0x00000000fa000000,0x00000000faa80000)
 ParOldGen       total 175104K, used 865K [0x00000000e0000000, 0x00000000eab00000, 0x00000000f5580000)
  object space 175104K, 0% used [0x00000000e0000000,0x00000000e00d85b8,0x00000000eab00000)
 Metaspace       used 20510K, capacity 21090K, committed 21296K, reserved 1067008K
  class space    used 2958K, capacity 3123K, committed 3200K, reserved 1048576K
}
Event: 2.058 GC heap before
{Heap before GC invocations=4 (full 0):
 PSYoungGen      total 76288K, used 15362K [0x00000000f5580000, 0x00000000faa80000, 0x0000000100000000)
  eden space 65536K, 7% used [0x00000000f5580000,0x00000000f5a052f0,0x00000000f9580000)
  from space 10752K, 99% used [0x00000000f9580000,0x00000000f9ffb568,0x00000000fa000000)
  to   space 10752K, 0% used [0x00000000fa000000,0x00000000fa000000,0x00000000faa80000)
 ParOldGen       total 175104K, used 865K [0x00000000e0000000, 0x00000000eab00000, 0x00000000f5580000)
  object space 175104K, 0% used [0x00000000e0000000,0x00000000e00d85b8,0x00000000eab00000)
 Metaspace       used 20687K, capacity 21218K, committed 21296K, reserved 1067008K
  class space    used 2989K, capacity 3187K, committed 3200K, reserved 1048576K
Event: 2.063 GC heap after
Heap after GC invocations=4 (full 0):
 PSYoungGen      total 76288K, used 6964K [0x00000000f5580000, 0x00000000fea80000, 0x0000000100000000)
  eden space 65536K, 0% used [0x00000000f5580000,0x00000000f5580000,0x00000000f9580000)
  from space 10752K, 64% used [0x00000000fa000000,0x00000000fa6cd040,0x00000000faa80000)
  to   space 10752K, 0% used [0x00000000f9580000,0x00000000f9580000,0x00000000fa000000)
 ParOldGen       total 175104K, used 873K [0x00000000e0000000, 0x00000000eab00000, 0x00000000f5580000)
  object space 175104K, 0% used [0x00000000e0000000,0x00000000e00da5b8,0x00000000eab00000)
 Metaspace       used 20687K, capacity 21218K, committed 21296K, reserved 1067008K
  class space    used 2989K, capacity 3187K, committed 3200K, reserved 1048576K
}
Event: 2.063 GC heap before
{Heap before GC invocations=5 (full 1):
 PSYoungGen      total 76288K, used 6964K [0x00000000f5580000, 0x00000000fea80000, 0x0000000100000000)
  eden space 65536K, 0% used [0x00000000f5580000,0x00000000f5580000,0x00000000f9580000)
  from space 10752K, 64% used [0x00000000fa000000,0x00000000fa6cd040,0x00000000faa80000)
  to   space 10752K, 0% used [0x00000000f9580000,0x00000000f9580000,0x00000000fa000000)
 ParOldGen       total 175104K, used 873K [0x00000000e0000000, 0x00000000eab00000, 0x00000000f5580000)
  object space 175104K, 0% used [0x00000000e0000000,0x00000000e00da5b8,0x00000000eab00000)
 Metaspace       used 20687K, capacity 21218K, committed 21296K, reserved 1067008K
  class space    used 2989K, capacity 3187K, committed 3200K, reserved 1048576K
Event: 2.087 GC heap after
Heap after GC invocations=5 (full 1):
 PSYoungGen      total 76288K, used 0K [0x00000000f5580000, 0x00000000fea80000, 0x0000000100000000)
  eden space 65536K, 0% used [0x00000000f5580000,0x00000000f5580000,0x00000000f9580000)
  from space 10752K, 0% used [0x00000000fa000000,0x00000000fa000000,0x00000000faa80000)
  to   space 10752K, 0% used [0x00000000f9580000,0x00000000f9580000,0x00000000fa000000)
 ParOldGen       total 175104K, used 6746K [0x00000000e0000000, 0x00000000eab00000, 0x00000000f5580000)
  object space 175104K, 3% used [0x00000000e0000000,0x00000000e0696be0,0x00000000eab00000)
 Metaspace       used 20687K, capacity 21218K, committed 21296K, reserved 1067008K
  class space    used 2989K, capacity 3187K, committed 3200K, reserved 1048576K
}
Event: 2.677 GC heap before
{Heap before GC invocations=6 (full 1):
 PSYoungGen      total 76288K, used 65536K [0x00000000f5580000, 0x00000000fea80000, 0x0000000100000000)
  eden space 65536K, 100% used [0x00000000f5580000,0x00000000f9580000,0x00000000f9580000)
  from space 10752K, 0% used [0x00000000fa000000,0x00000000fa000000,0x00000000faa80000)
  to   space 10752K, 0% used [0x00000000f9580000,0x00000000f9580000,0x00000000fa000000)
 ParOldGen       total 175104K, used 6746K [0x00000000e0000000, 0x00000000eab00000, 0x00000000f5580000)
  object space 175104K, 3% used [0x00000000e0000000,0x00000000e0696be0,0x00000000eab00000)
 Metaspace       used 29039K, capacity 29620K, committed 29824K, reserved 1075200K
  class space    used 3981K, capacity 4168K, committed 4224K, reserved 1048576K
Event: 2.685 GC heap after
Heap after GC invocations=6 (full 1):
 PSYoungGen      total 76288K, used 8535K [0x00000000f5580000, 0x00000000fe080000, 0x0000000100000000)
  eden space 65536K, 0% used [0x00000000f5580000,0x00000000f5580000,0x00000000f9580000)
  from space 10752K, 79% used [0x00000000f9580000,0x00000000f9dd5de8,0x00000000fa000000)
  to   space 12288K, 0% used [0x00000000fd480000,0x00000000fd480000,0x00000000fe080000)
 ParOldGen       total 175104K, used 6754K [0x00000000e0000000, 0x00000000eab00000, 0x00000000f5580000)
  object space 175104K, 3% used [0x00000000e0000000,0x00000000e0698be0,0x00000000eab00000)
 Metaspace       used 29039K, capacity 29620K, committed 29824K, reserved 1075200K
  class space    used 3981K, capacity 4168K, committed 4224K, reserved 1048576K
}
Event: 3.265 GC heap before
{Heap before GC invocations=7 (full 1):
 PSYoungGen      total 76288K, used 74071K [0x00000000f5580000, 0x00000000fe080000, 0x0000000100000000)
  eden space 65536K, 100% used [0x00000000f5580000,0x00000000f9580000,0x00000000f9580000)
  from space 10752K, 79% used [0x00000000f9580000,0x00000000f9dd5de8,0x00000000fa000000)
  to   space 12288K, 0% used [0x00000000fd480000,0x00000000fd480000,0x00000000fe080000)
 ParOldGen       total 175104K, used 6754K [0x00000000e0000000, 0x00000000eab00000, 0x00000000f5580000)
  object space 175104K, 3% used [0x00000000e0000000,0x00000000e0698be0,0x00000000eab00000)
 Metaspace       used 32829K, capacity 33620K, committed 33792K, reserved 1079296K
  class space    used 4606K, capacity 4816K, committed 4864K, reserved 1048576K
Event: 3.272 GC heap after
Heap after GC invocations=7 (full 1):
 PSYoungGen      total 126976K, used 10016K [0x00000000f5580000, 0x00000000fdf80000, 0x0000000100000000)
  eden space 115712K, 0% used [0x00000000f5580000,0x00000000f5580000,0x00000000fc680000)
  from space 11264K, 88% used [0x00000000fd480000,0x00000000fde481b8,0x00000000fdf80000)
  to   space 12800K, 0% used [0x00000000fc680000,0x00000000fc680000,0x00000000fd300000)
 ParOldGen       total 175104K, used 6762K [0x00000000e0000000, 0x00000000eab00000, 0x00000000f5580000)
  object space 175104K, 3% used [0x00000000e0000000,0x00000000e069abe0,0x00000000eab00000)
 Metaspace       used 32829K, capacity 33620K, committed 33792K, reserved 1079296K
  class space    used 4606K, capacity 4816K, committed 4864K, reserved 1048576K
}

Deoptimization events (10 events):
Event: 2.920 Thread 0x0000000018a9a000 Uncommon trap: reason=unstable_if action=reinterpret pc=0x00000000029c42cc method=java.util.HashMap.getNode(ILjava/lang/Object;)Ljava/util/HashMap$Node; @ 53
Event: 2.920 Thread 0x0000000018a9a000 Uncommon trap: reason=unstable_if action=reinterpret pc=0x0000000002c2167c method=java.util.HashMap.hash(Ljava/lang/Object;)I @ 1
Event: 2.980 Thread 0x0000000018a9a000 Uncommon trap: reason=unstable_if action=reinterpret pc=0x00000000030b8df4 method=org.codehaus.groovy.runtime.metaclass.MetaMethodIndex.addMethodToList(Ljava/lang/Object;Lgroovy/lang/MetaMethod;)Ljava/lang/Object; @ 226
Event: 3.028 Thread 0x0000000018a9a000 Uncommon trap: reason=unstable_if action=reinterpret pc=0x00000000030ade44 method=org.gradle.internal.reflect.PropertyAccessorType.isGetGetterName(Ljava/lang/String;)Z @ 14
Event: 3.044 Thread 0x0000000018a9a000 Uncommon trap: reason=unstable_if action=reinterpret pc=0x00000000030ac2c8 method=org.objectweb.asm.ByteVector.putShort(I)Lorg/objectweb/asm/ByteVector; @ 13
Event: 3.101 Thread 0x0000000018a9a000 Uncommon trap: reason=predicate action=maybe_recompile pc=0x0000000002cc2388 method=com.google.common.base.CharMatcher.indexIn(Ljava/lang/CharSequence;I)I @ 22
Event: 3.336 Thread 0x0000000018a9a000 Uncommon trap: reason=range_check action=make_not_entrant pc=0x00000000031c14d4 method=java.lang.String.charAt(I)C @ 27
Event: 3.454 Thread 0x0000000018a9a000 Uncommon trap: reason=unstable_if action=reinterpret pc=0x0000000002dfefbc method=jdk.internal.org.objectweb.asm.Type.getArgumentsAndReturnSizes(Ljava/lang/String;)I @ 88
Event: 3.466 Thread 0x0000000018a9a000 Uncommon trap: reason=unstable_if action=reinterpret pc=0x000000000320bcec method=java.lang.Class$MethodArray.removeLessSpecifics()V @ 25
Event: 3.475 Thread 0x0000000018a9a000 Uncommon trap: reason=unstable_if action=reinterpret pc=0x0000000002e93714 method=java.util.WeakHashMap.put(Ljava/lang/Object;Ljava/lang/Object;)Ljava/lang/Object; @ 59

Classes redefined (0 events):
No events

Internal exceptions (10 events):
Event: 3.462 Thread 0x0000000018a9a000 Exception <a 'java/lang/ClassNotFoundException': org/gradle/api/plugins/internal/DefaultJavaPluginConventionCustomizer> (0x00000000f711c428) thrown at [C:\jenkins\workspace\8-2-build-windows-amd64-cygwin\jdk8u251\737\hotspot\src\share\vm\classfile\systemD
Event: 3.466 Thread 0x0000000018a9a000 Implicit null exception at 0x000000000320b96f to 0x000000000320bcd1
Event: 3.473 Thread 0x0000000018a9a000 Exception <a 'java/lang/ClassNotFoundException': org/gradle/api/internal/tasks/DefaultTaskContainer_DecoratedBeanInfo> (0x00000000f74a91e8) thrown at [C:\jenkins\workspace\8-2-build-windows-amd64-cygwin\jdk8u251\737\hotspot\src\share\vm\classfile\systemDi
Event: 3.473 Thread 0x0000000018a9a000 Exception <a 'java/lang/ClassNotFoundException': org/gradle/api/internal/tasks/DefaultTaskContainerBeanInfo> (0x00000000f74c3f98) thrown at [C:\jenkins\workspace\8-2-build-windows-amd64-cygwin\jdk8u251\737\hotspot\src\share\vm\classfile\systemDictionary.c
Event: 3.473 Thread 0x0000000018a9a000 Exception <a 'java/lang/ClassNotFoundException': org/gradle/api/internal/tasks/DefaultTaskCollectionBeanInfo> (0x00000000f74e08b8) thrown at [C:\jenkins\workspace\8-2-build-windows-amd64-cygwin\jdk8u251\737\hotspot\src\share\vm\classfile\systemDictionary.
Event: 3.473 Thread 0x0000000018a9a000 Exception <a 'java/lang/ClassNotFoundException': org/gradle/api/internal/DefaultNamedDomainObjectSetBeanInfo> (0x00000000f74fd130) thrown at [C:\jenkins\workspace\8-2-build-windows-amd64-cygwin\jdk8u251\737\hotspot\src\share\vm\classfile\systemDictionary.
Event: 3.474 Thread 0x0000000018a9a000 Exception <a 'java/lang/ClassNotFoundException': org/gradle/api/internal/DefaultNamedDomainObjectSetCustomizer> (0x00000000f751a1e8) thrown at [C:\jenkins\workspace\8-2-build-windows-amd64-cygwin\jdk8u251\737\hotspot\src\share\vm\classfile\systemDictionar
Event: 3.474 Thread 0x0000000018a9a000 Exception <a 'java/lang/ClassNotFoundException': org/gradle/api/internal/tasks/DefaultTaskCollectionCustomizer> (0x00000000f7551e98) thrown at [C:\jenkins\workspace\8-2-build-windows-amd64-cygwin\jdk8u251\737\hotspot\src\share\vm\classfile\systemDictionar
Event: 3.476 Thread 0x0000000018a9a000 Exception <a 'java/lang/ClassNotFoundException': org/gradle/api/internal/tasks/DefaultTaskContainerCustomizer> (0x00000000f75a2ef0) thrown at [C:\jenkins\workspace\8-2-build-windows-amd64-cygwin\jdk8u251\737\hotspot\src\share\vm\classfile\systemDictionary
Event: 3.478 Thread 0x0000000018a9a000 Exception <a 'java/lang/ClassNotFoundException': org/gradle/api/internal/tasks/DefaultTaskContainer_DecoratedCustomizer> (0x00000000f7621da8) thrown at [C:\jenkins\workspace\8-2-build-windows-amd64-cygwin\jdk8u251\737\hotspot\src\share\vm\classfile\system

Events (10 events):
Event: 3.500 loading class org/gradle/api/tasks/TaskExecutionException
Event: 3.500 loading class org/gradle/api/tasks/TaskExecutionException done
Event: 3.500 loading class org/gradle/api/internal/tasks/DefaultTaskInputs
Event: 3.500 loading class org/gradle/api/internal/tasks/DefaultTaskInputs done
Event: 3.501 loading class org/gradle/api/tasks/TaskInputFilePropertyBuilder
Event: 3.501 loading class org/gradle/api/tasks/TaskInputFilePropertyBuilder done
Event: 3.501 loading class org/gradle/api/tasks/TaskFilePropertyBuilder
Event: 3.501 loading class org/gradle/api/tasks/TaskFilePropertyBuilder done
Event: 3.501 loading class org/gradle/api/tasks/TaskPropertyBuilder
Event: 3.501 loading class org/gradle/api/tasks/TaskPropertyBuilder done


Dynamic libraries:
0x00007ff694f80000 - 0x00007ff694fb7000 	C:\Program Files\Java\jdk1.8.0_251\bin\java.exe
0x00007ffc62b20000 - 0x00007ffc62d10000 	C:\Windows\SYSTEM32\ntdll.dll
0x00007ffc613f0000 - 0x00007ffc614a2000 	C:\Windows\System32\KERNEL32.DLL
0x00007ffc5ff90000 - 0x00007ffc60234000 	C:\Windows\System32\KERNELBASE.dll
0x00007ffc61180000 - 0x00007ffc61223000 	C:\Windows\System32\ADVAPI32.dll
0x00007ffc62800000 - 0x00007ffc6289e000 	C:\Windows\System32\msvcrt.dll
0x00007ffc61230000 - 0x00007ffc612c7000 	C:\Windows\System32\sechost.dll
0x00007ffc612d0000 - 0x00007ffc613f0000 	C:\Windows\System32\RPCRT4.dll
0x00007ffc61c70000 - 0x00007ffc61e04000 	C:\Windows\System32\USER32.dll
0x00007ffc5ff60000 - 0x00007ffc5ff81000 	C:\Windows\System32\win32u.dll
0x00007ffc61500000 - 0x00007ffc61526000 	C:\Windows\System32\GDI32.dll
0x00007ffc5fc10000 - 0x00007ffc5fda6000 	C:\Windows\System32\gdi32full.dll
0x00007ffc60b30000 - 0x00007ffc60bce000 	C:\Windows\System32\msvcp_win.dll
0x00007ffc5fe60000 - 0x00007ffc5ff5a000 	C:\Windows\System32\ucrtbase.dll
0x00007ffc4a7e0000 - 0x00007ffc4aa64000 	C:\Windows\WinSxS\amd64_microsoft.windows.common-controls_6595b64144ccf1df_6.0.18362.959_none_e6c7bbbf130c62bb\COMCTL32.dll
0x00007ffc61550000 - 0x00007ffc61885000 	C:\Windows\System32\combase.dll
0x00007ffc5fde0000 - 0x00007ffc5fe60000 	C:\Windows\System32\bcryptPrimitives.dll
0x00007ffc614b0000 - 0x00007ffc614de000 	C:\Windows\System32\IMM32.DLL
0x000000006d7c0000 - 0x000000006d892000 	C:\Program Files\Java\jdk1.8.0_251\jre\bin\msvcr100.dll
0x000000006cf10000 - 0x000000006d7bb000 	C:\Program Files\Java\jdk1.8.0_251\jre\bin\server\jvm.dll
0x00007ffc625f0000 - 0x00007ffc625f8000 	C:\Windows\System32\PSAPI.DLL
0x00007ffc56480000 - 0x00007ffc56489000 	C:\Windows\SYSTEM32\WSOCK32.dll
0x00007ffc5a7c0000 - 0x00007ffc5a7ca000 	C:\Windows\SYSTEM32\VERSION.dll
0x00007ffc48d20000 - 0x00007ffc48d44000 	C:\Windows\SYSTEM32\WINMM.dll
0x00007ffc61e10000 - 0x00007ffc61e7f000 	C:\Windows\System32\WS2_32.dll
0x00007ffc4fd10000 - 0x00007ffc4fd3d000 	C:\Windows\SYSTEM32\winmmbase.dll
0x00007ffc60a30000 - 0x00007ffc60a7a000 	C:\Windows\System32\cfgmgr32.dll
0x00007ffc4c280000 - 0x00007ffc4c28f000 	C:\Program Files\Java\jdk1.8.0_251\jre\bin\verify.dll
0x00007ffc447a0000 - 0x00007ffc447c9000 	C:\Program Files\Java\jdk1.8.0_251\jre\bin\java.dll
0x00007ffc3ea60000 - 0x00007ffc3ea76000 	C:\Program Files\Java\jdk1.8.0_251\jre\bin\zip.dll
0x00007ffc61f00000 - 0x00007ffc625e6000 	C:\Windows\System32\SHELL32.dll
0x00007ffc62a30000 - 0x00007ffc62ad9000 	C:\Windows\System32\shcore.dll
0x00007ffc60240000 - 0x00007ffc609c2000 	C:\Windows\System32\windows.storage.dll
0x00007ffc5fa00000 - 0x00007ffc5fa23000 	C:\Windows\System32\profapi.dll
0x00007ffc5fa50000 - 0x00007ffc5fa9a000 	C:\Windows\System32\powrprof.dll
0x00007ffc5f9d0000 - 0x00007ffc5f9e0000 	C:\Windows\System32\UMPDC.dll
0x00007ffc62670000 - 0x00007ffc626c2000 	C:\Windows\System32\shlwapi.dll
0x00007ffc5f9e0000 - 0x00007ffc5f9f1000 	C:\Windows\System32\kernel.appcore.dll
0x00007ffc5faa0000 - 0x00007ffc5fab7000 	C:\Windows\System32\cryptsp.dll
0x00007ffc3b630000 - 0x00007ffc3b64a000 	C:\Program Files\Java\jdk1.8.0_251\jre\bin\net.dll
0x00007ffc5f1e0000 - 0x00007ffc5f247000 	C:\Windows\system32\mswsock.dll
0x00007ffc37b50000 - 0x00007ffc37b62000 	C:\Program Files\Java\jdk1.8.0_251\jre\bin\nio.dll
0x00007ffc44ab0000 - 0x00007ffc44ad6000 	C:\Users\ingaw\.gradle\native\31\windows-amd64\native-platform.dll
0x00007ffc4c270000 - 0x00007ffc4c27d000 	C:\Program Files\Java\jdk1.8.0_251\jre\bin\management.dll
0x00007ffc5ed50000 - 0x00007ffc5ed83000 	C:\Windows\system32\rsaenh.dll
0x00007ffc5fdb0000 - 0x00007ffc5fdd6000 	C:\Windows\System32\bcrypt.dll
0x00007ffc5f8f0000 - 0x00007ffc5f915000 	C:\Windows\SYSTEM32\USERENV.dll
0x00007ffc5f3b0000 - 0x00007ffc5f3bc000 	C:\Windows\SYSTEM32\CRYPTBASE.dll
0x00007ffc5eef0000 - 0x00007ffc5ef2a000 	C:\Windows\SYSTEM32\IPHLPAPI.DLL
0x00007ffc61540000 - 0x00007ffc61548000 	C:\Windows\System32\NSI.dll
0x00007ffc57cb0000 - 0x00007ffc57cc6000 	C:\Windows\SYSTEM32\dhcpcsvc6.DLL
0x00007ffc58520000 - 0x00007ffc5853c000 	C:\Windows\SYSTEM32\dhcpcsvc.DLL
0x00007ffc5ef30000 - 0x00007ffc5effb000 	C:\Windows\SYSTEM32\DNSAPI.dll
0x00007ffc5e2f0000 - 0x00007ffc5e4e4000 	C:\Windows\SYSTEM32\dbghelp.dll

VM Arguments:
jvm_args: -XX:MaxMetaspaceSize=256m -XX:+HeapDumpOnOutOfMemoryError -Xms256m -Xmx512m -Dfile.encoding=windows-1250 -Duser.country=PL -Duser.language=pl -Duser.variant 
java_command: org.gradle.launcher.daemon.bootstrap.GradleDaemon 6.1
java_class_path (initial): C:\Users\ingaw\.gradle\wrapper\dists\gradle-6.1-bin\74ow5f78ml5iin9568hvtcqz9\gradle-6.1\lib\gradle-launcher-6.1.jar
Launcher Type: SUN_STANDARD

Environment Variables:
JAVA_HOME=C:\Program Files\Java\jdk1.8.0_251
PATH=C:\Program Files\Java\jdk1.8.0_251\bin;C:\Program Files (x86)\Common Files\Oracle\Java\javapath;C:\Windows\system32;C:\Windows;C:\Windows\System32\Wbem;C:\Windows\System32\WindowsPowerShell\v1.0\;C:\Windows\System32\OpenSSH\;C:\Program Files\Git\cmd;C:\Program Files\Git\mingw64\bin;C:\Program Files\Git\usr\bin;C:\gradle-6.4.1\bin;C:\Users\ingaw\AppData\Local\Microsoft\WindowsApps;
USERNAME=ingaw
OS=Windows_NT
PROCESSOR_IDENTIFIER=Intel64 Family 6 Model 126 Stepping 5, GenuineIntel



---------------  S Y S T E M  ---------------

OS: Windows 10.0 , 64 bit Build 18362 (10.0.18362.959)

CPU:total 8 (initial active 8) (4 cores per cpu, 2 threads per core) family 6 model 126 stepping 5, cmov, cx8, fxsr, mmx, sse, sse2, sse3, ssse3, sse4.1, sse4.2, popcnt, avx, avx2, aes, clmul, erms, 3dnowpref, lzcnt, ht, tsc, tscinvbit, bmi1, bmi2, adx

Memory: 4k page, physical 8150496k(1744488k free), swap 15185988k(4838380k free)

vm_info: Java HotSpot(TM) 64-Bit Server VM (25.251-b08) for windows-amd64 JRE (1.8.0_251-b08), built on Mar 12 2020 06:31:49 by "" with MS VC++ 10.0 (VS2010)

time: Mon Jul 20 20:44:14 2020
timezone: Œrodkowoeuropejski czas letni
elapsed time: 3 seconds (0d 0h 0m 3s)

